The system is: Linux - 3.10.0-514.26.1.1chaos.ch6_1.x86_64 - x86_64
Compiling the C compiler identification source file "CMakeCCompilerId.c" succeeded.
Compiler: /usr/tce/bin/cc 
Build flags: 
Id flags: 

The output was:
0


Compilation of the C compiler identification source "CMakeCCompilerId.c" produced "a.out"

The C compiler identification is GNU, found in "/g/g17/lenardo1/XeNeuAnalysis/Simulations/BACCARAT/CMakeFiles/2.8.12.2/CompilerIdC/a.out"

Compiling the CXX compiler identification source file "CMakeCXXCompilerId.cpp" succeeded.
Compiler: /usr/tce/bin/c++ 
Build flags: 
Id flags: 

The output was:
0


Compilation of the CXX compiler identification source "CMakeCXXCompilerId.cpp" produced "a.out"

The CXX compiler identification is GNU, found in "/g/g17/lenardo1/XeNeuAnalysis/Simulations/BACCARAT/CMakeFiles/2.8.12.2/CompilerIdCXX/a.out"

Determining if the C compiler works passed with the following output:
Change Dir: /g/g17/lenardo1/XeNeuAnalysis/Simulations/BACCARAT/CMakeFiles/CMakeTmp

Run Build Command:/usr/bin/gmake "cmTryCompileExec1054969323/fast"
/usr/bin/gmake -f CMakeFiles/cmTryCompileExec1054969323.dir/build.make CMakeFiles/cmTryCompileExec1054969323.dir/build
gmake[1]: Entering directory `/g/g17/lenardo1/XeNeuAnalysis/Simulations/BACCARAT/CMakeFiles/CMakeTmp'
/usr/bin/cmake -E cmake_progress_report /g/g17/lenardo1/XeNeuAnalysis/Simulations/BACCARAT/CMakeFiles/CMakeTmp/CMakeFiles 1
Building C object CMakeFiles/cmTryCompileExec1054969323.dir/testCCompiler.c.o
/usr/tce/bin/cc    -o CMakeFiles/cmTryCompileExec1054969323.dir/testCCompiler.c.o   -c /g/g17/lenardo1/XeNeuAnalysis/Simulations/BACCARAT/CMakeFiles/CMakeTmp/testCCompiler.c
Linking C executable cmTryCompileExec1054969323
/usr/bin/cmake -E cmake_link_script CMakeFiles/cmTryCompileExec1054969323.dir/link.txt --verbose=1
/usr/tce/bin/cc       CMakeFiles/cmTryCompileExec1054969323.dir/testCCompiler.c.o  -o cmTryCompileExec1054969323 -rdynamic 
gmake[1]: Leaving directory `/g/g17/lenardo1/XeNeuAnalysis/Simulations/BACCARAT/CMakeFiles/CMakeTmp'


Detecting C compiler ABI info compiled with the following output:
Change Dir: /g/g17/lenardo1/XeNeuAnalysis/Simulations/BACCARAT/CMakeFiles/CMakeTmp

Run Build Command:/usr/bin/gmake "cmTryCompileExec357597436/fast"
/usr/bin/gmake -f CMakeFiles/cmTryCompileExec357597436.dir/build.make CMakeFiles/cmTryCompileExec357597436.dir/build
gmake[1]: Entering directory `/g/g17/lenardo1/XeNeuAnalysis/Simulations/BACCARAT/CMakeFiles/CMakeTmp'
/usr/bin/cmake -E cmake_progress_report /g/g17/lenardo1/XeNeuAnalysis/Simulations/BACCARAT/CMakeFiles/CMakeTmp/CMakeFiles 1
Building C object CMakeFiles/cmTryCompileExec357597436.dir/CMakeCCompilerABI.c.o
/usr/tce/bin/cc    -o CMakeFiles/cmTryCompileExec357597436.dir/CMakeCCompilerABI.c.o   -c /usr/share/cmake/Modules/CMakeCCompilerABI.c
Linking C executable cmTryCompileExec357597436
/usr/bin/cmake -E cmake_link_script CMakeFiles/cmTryCompileExec357597436.dir/link.txt --verbose=1
/usr/tce/bin/cc     -v CMakeFiles/cmTryCompileExec357597436.dir/CMakeCCompilerABI.c.o  -o cmTryCompileExec357597436 -rdynamic  
Reading specs from /usr/tce/packages/gcc/gcc-4.9.3/lib64/gcc/x86_64-unknown-linux-gnu/4.9.3/specs
COLLECT_GCC=/usr/tce/packages/gcc/gcc-4.9.3/bin/gcc
COLLECT_LTO_WRAPPER=/usr/tce/packages/gcc/gcc-4.9.3/libexec/gcc/x86_64-unknown-linux-gnu/4.9.3/lto-wrapper
Target: x86_64-unknown-linux-gnu
Configured with: /builddir/build/BUILD/gccspack/spack/var/spack/stage/gcc-4.9.3-34vmmvov5ct2riknhkfcmxieffb5pyex/gcc-4.9.3/configure --prefix=/usr/tce/packages/gcc/gcc-4.9.3 --libdir=/usr/tce/packages/gcc/gcc-4.9.3/lib64 --disable-multilib --enable-languages=c,java,c++,fortran,objc,go --with-mpc=/builddir/build/BUILD/gccspack/spack/opt/spack/linux-redhat7-x86_64/gcc-4.8.5/mpc-1.0.3-hj3ado6aurkkeiulr7fabqov7dh5nomf --with-mpfr=/builddir/build/BUILD/gccspack/spack/opt/spack/linux-redhat7-x86_64/gcc-4.8.5/mpfr-3.1.4-btpsymgkcfsazkot7mksiiaiqi56q3iz --with-gmp=/builddir/build/BUILD/gccspack/spack/opt/spack/linux-redhat7-x86_64/gcc-4.8.5/gmp-6.1.0-rdkrxbnzwlletmtlntg4vbxhc24zspva --enable-lto --with-quad
Thread model: posix
gcc version 4.9.3 (GCC) 
COMPILER_PATH=/usr/tce/packages/gcc/gcc-4.9.3/libexec/gcc/x86_64-unknown-linux-gnu/4.9.3/:/usr/tce/packages/gcc/gcc-4.9.3/libexec/gcc/x86_64-unknown-linux-gnu/4.9.3/:/usr/tce/packages/gcc/gcc-4.9.3/libexec/gcc/x86_64-unknown-linux-gnu/:/usr/tce/packages/gcc/gcc-4.9.3/lib64/gcc/x86_64-unknown-linux-gnu/4.9.3/:/usr/tce/packages/gcc/gcc-4.9.3/lib64/gcc/x86_64-unknown-linux-gnu/
LIBRARY_PATH=/usr/tce/packages/gcc/gcc-4.9.3/lib64/gcc/x86_64-unknown-linux-gnu/4.9.3/:/usr/tce/packages/gcc/gcc-4.9.3/lib64/gcc/x86_64-unknown-linux-gnu/4.9.3/../../../../lib64/:/lib/../lib64/:/usr/lib/../lib64/:/g/g17/lenardo1/SoftwarePackages/boost_1_57_0-install/lib/:/usr/tce/packages/gcc/gcc-4.9.3/lib64/gcc/x86_64-unknown-linux-gnu/4.9.3/../../../:/lib/:/usr/lib/
COLLECT_GCC_OPTIONS='-v' '-o' 'cmTryCompileExec357597436' '-rdynamic' '-mtune=generic' '-march=x86-64'
 /usr/tce/packages/gcc/gcc-4.9.3/libexec/gcc/x86_64-unknown-linux-gnu/4.9.3/collect2 -plugin /usr/tce/packages/gcc/gcc-4.9.3/libexec/gcc/x86_64-unknown-linux-gnu/4.9.3/liblto_plugin.so -plugin-opt=/usr/tce/packages/gcc/gcc-4.9.3/libexec/gcc/x86_64-unknown-linux-gnu/4.9.3/lto-wrapper -plugin-opt=-fresolution=/var/tmp/lenardo1/ccm1yAjd.res -plugin-opt=-pass-through=-lgcc -plugin-opt=-pass-through=-lgcc_s -plugin-opt=-pass-through=-lc -plugin-opt=-pass-through=-lgcc -plugin-opt=-pass-through=-lgcc_s -rpath /usr/tce/packages/gcc/gcc-4.9.3/lib:/usr/tce/packages/gcc/gcc-4.9.3/lib64 --eh-frame-hdr -m elf_x86_64 -export-dynamic -dynamic-linker /lib64/ld-linux-x86-64.so.2 -o cmTryCompileExec357597436 /lib/../lib64/crt1.o /lib/../lib64/crti.o /usr/tce/packages/gcc/gcc-4.9.3/lib64/gcc/x86_64-unknown-linux-gnu/4.9.3/crtbegin.o -L/usr/tce/packages/gcc/gcc-4.9.3/lib64/gcc/x86_64-unknown-linux-gnu/4.9.3 -L/usr/tce/packages/gcc/gcc-4.9.3/lib64/gcc/x86_64-unknown-linux-gnu/4.9.3/../../../../lib64 -L/lib/../lib64 -L/usr/lib/../lib64 -L/g/g17/lenardo1/SoftwarePackages/boost_1_57_0-install/lib -L/usr/tce/packages/gcc/gcc-4.9.3/lib64/gcc/x86_64-unknown-linux-gnu/4.9.3/../../.. CMakeFiles/cmTryCompileExec357597436.dir/CMakeCCompilerABI.c.o -lgcc --as-needed -lgcc_s --no-as-needed -lc -lgcc --as-needed -lgcc_s --no-as-needed /usr/tce/packages/gcc/gcc-4.9.3/lib64/gcc/x86_64-unknown-linux-gnu/4.9.3/crtend.o /lib/../lib64/crtn.o
gmake[1]: Leaving directory `/g/g17/lenardo1/XeNeuAnalysis/Simulations/BACCARAT/CMakeFiles/CMakeTmp'


Parsed C implicit link information from above output:
  link line regex: [^( *|.*[/\])(ld|([^/\]+-)?ld|collect2)[^/\]*( |$)]
  ignore line: [Change Dir: /g/g17/lenardo1/XeNeuAnalysis/Simulations/BACCARAT/CMakeFiles/CMakeTmp]
  ignore line: []
  ignore line: [Run Build Command:/usr/bin/gmake "cmTryCompileExec357597436/fast"]
  ignore line: [/usr/bin/gmake -f CMakeFiles/cmTryCompileExec357597436.dir/build.make CMakeFiles/cmTryCompileExec357597436.dir/build]
  ignore line: [gmake[1]: Entering directory `/g/g17/lenardo1/XeNeuAnalysis/Simulations/BACCARAT/CMakeFiles/CMakeTmp']
  ignore line: [/usr/bin/cmake -E cmake_progress_report /g/g17/lenardo1/XeNeuAnalysis/Simulations/BACCARAT/CMakeFiles/CMakeTmp/CMakeFiles 1]
  ignore line: [Building C object CMakeFiles/cmTryCompileExec357597436.dir/CMakeCCompilerABI.c.o]
  ignore line: [/usr/tce/bin/cc    -o CMakeFiles/cmTryCompileExec357597436.dir/CMakeCCompilerABI.c.o   -c /usr/share/cmake/Modules/CMakeCCompilerABI.c]
  ignore line: [Linking C executable cmTryCompileExec357597436]
  ignore line: [/usr/bin/cmake -E cmake_link_script CMakeFiles/cmTryCompileExec357597436.dir/link.txt --verbose=1]
  ignore line: [/usr/tce/bin/cc     -v CMakeFiles/cmTryCompileExec357597436.dir/CMakeCCompilerABI.c.o  -o cmTryCompileExec357597436 -rdynamic  ]
  ignore line: [Reading specs from /usr/tce/packages/gcc/gcc-4.9.3/lib64/gcc/x86_64-unknown-linux-gnu/4.9.3/specs]
  ignore line: [COLLECT_GCC=/usr/tce/packages/gcc/gcc-4.9.3/bin/gcc]
  ignore line: [COLLECT_LTO_WRAPPER=/usr/tce/packages/gcc/gcc-4.9.3/libexec/gcc/x86_64-unknown-linux-gnu/4.9.3/lto-wrapper]
  ignore line: [Target: x86_64-unknown-linux-gnu]
  ignore line: [Configured with: /builddir/build/BUILD/gccspack/spack/var/spack/stage/gcc-4.9.3-34vmmvov5ct2riknhkfcmxieffb5pyex/gcc-4.9.3/configure --prefix=/usr/tce/packages/gcc/gcc-4.9.3 --libdir=/usr/tce/packages/gcc/gcc-4.9.3/lib64 --disable-multilib --enable-languages=c,java,c++,fortran,objc,go --with-mpc=/builddir/build/BUILD/gccspack/spack/opt/spack/linux-redhat7-x86_64/gcc-4.8.5/mpc-1.0.3-hj3ado6aurkkeiulr7fabqov7dh5nomf --with-mpfr=/builddir/build/BUILD/gccspack/spack/opt/spack/linux-redhat7-x86_64/gcc-4.8.5/mpfr-3.1.4-btpsymgkcfsazkot7mksiiaiqi56q3iz --with-gmp=/builddir/build/BUILD/gccspack/spack/opt/spack/linux-redhat7-x86_64/gcc-4.8.5/gmp-6.1.0-rdkrxbnzwlletmtlntg4vbxhc24zspva --enable-lto --with-quad]
  ignore line: [Thread model: posix]
  ignore line: [gcc version 4.9.3 (GCC) ]
  ignore line: [COMPILER_PATH=/usr/tce/packages/gcc/gcc-4.9.3/libexec/gcc/x86_64-unknown-linux-gnu/4.9.3/:/usr/tce/packages/gcc/gcc-4.9.3/libexec/gcc/x86_64-unknown-linux-gnu/4.9.3/:/usr/tce/packages/gcc/gcc-4.9.3/libexec/gcc/x86_64-unknown-linux-gnu/:/usr/tce/packages/gcc/gcc-4.9.3/lib64/gcc/x86_64-unknown-linux-gnu/4.9.3/:/usr/tce/packages/gcc/gcc-4.9.3/lib64/gcc/x86_64-unknown-linux-gnu/]
  ignore line: [LIBRARY_PATH=/usr/tce/packages/gcc/gcc-4.9.3/lib64/gcc/x86_64-unknown-linux-gnu/4.9.3/:/usr/tce/packages/gcc/gcc-4.9.3/lib64/gcc/x86_64-unknown-linux-gnu/4.9.3/../../../../lib64/:/lib/../lib64/:/usr/lib/../lib64/:/g/g17/lenardo1/SoftwarePackages/boost_1_57_0-install/lib/:/usr/tce/packages/gcc/gcc-4.9.3/lib64/gcc/x86_64-unknown-linux-gnu/4.9.3/../../../:/lib/:/usr/lib/]
  ignore line: [COLLECT_GCC_OPTIONS='-v' '-o' 'cmTryCompileExec357597436' '-rdynamic' '-mtune=generic' '-march=x86-64']
  link line: [ /usr/tce/packages/gcc/gcc-4.9.3/libexec/gcc/x86_64-unknown-linux-gnu/4.9.3/collect2 -plugin /usr/tce/packages/gcc/gcc-4.9.3/libexec/gcc/x86_64-unknown-linux-gnu/4.9.3/liblto_plugin.so -plugin-opt=/usr/tce/packages/gcc/gcc-4.9.3/libexec/gcc/x86_64-unknown-linux-gnu/4.9.3/lto-wrapper -plugin-opt=-fresolution=/var/tmp/lenardo1/ccm1yAjd.res -plugin-opt=-pass-through=-lgcc -plugin-opt=-pass-through=-lgcc_s -plugin-opt=-pass-through=-lc -plugin-opt=-pass-through=-lgcc -plugin-opt=-pass-through=-lgcc_s -rpath /usr/tce/packages/gcc/gcc-4.9.3/lib:/usr/tce/packages/gcc/gcc-4.9.3/lib64 --eh-frame-hdr -m elf_x86_64 -export-dynamic -dynamic-linker /lib64/ld-linux-x86-64.so.2 -o cmTryCompileExec357597436 /lib/../lib64/crt1.o /lib/../lib64/crti.o /usr/tce/packages/gcc/gcc-4.9.3/lib64/gcc/x86_64-unknown-linux-gnu/4.9.3/crtbegin.o -L/usr/tce/packages/gcc/gcc-4.9.3/lib64/gcc/x86_64-unknown-linux-gnu/4.9.3 -L/usr/tce/packages/gcc/gcc-4.9.3/lib64/gcc/x86_64-unknown-linux-gnu/4.9.3/../../../../lib64 -L/lib/../lib64 -L/usr/lib/../lib64 -L/g/g17/lenardo1/SoftwarePackages/boost_1_57_0-install/lib -L/usr/tce/packages/gcc/gcc-4.9.3/lib64/gcc/x86_64-unknown-linux-gnu/4.9.3/../../.. CMakeFiles/cmTryCompileExec357597436.dir/CMakeCCompilerABI.c.o -lgcc --as-needed -lgcc_s --no-as-needed -lc -lgcc --as-needed -lgcc_s --no-as-needed /usr/tce/packages/gcc/gcc-4.9.3/lib64/gcc/x86_64-unknown-linux-gnu/4.9.3/crtend.o /lib/../lib64/crtn.o]
    arg [/usr/tce/packages/gcc/gcc-4.9.3/libexec/gcc/x86_64-unknown-linux-gnu/4.9.3/collect2] ==> ignore
    arg [-plugin] ==> ignore
    arg [/usr/tce/packages/gcc/gcc-4.9.3/libexec/gcc/x86_64-unknown-linux-gnu/4.9.3/liblto_plugin.so] ==> ignore
    arg [-plugin-opt=/usr/tce/packages/gcc/gcc-4.9.3/libexec/gcc/x86_64-unknown-linux-gnu/4.9.3/lto-wrapper] ==> ignore
    arg [-plugin-opt=-fresolution=/var/tmp/lenardo1/ccm1yAjd.res] ==> ignore
    arg [-plugin-opt=-pass-through=-lgcc] ==> ignore
    arg [-plugin-opt=-pass-through=-lgcc_s] ==> ignore
    arg [-plugin-opt=-pass-through=-lc] ==> ignore
    arg [-plugin-opt=-pass-through=-lgcc] ==> ignore
    arg [-plugin-opt=-pass-through=-lgcc_s] ==> ignore
    arg [-rpath] ==> ignore
    arg [/usr/tce/packages/gcc/gcc-4.9.3/lib:/usr/tce/packages/gcc/gcc-4.9.3/lib64] ==> ignore
    arg [--eh-frame-hdr] ==> ignore
    arg [-m] ==> ignore
    arg [elf_x86_64] ==> ignore
    arg [-export-dynamic] ==> ignore
    arg [-dynamic-linker] ==> ignore
    arg [/lib64/ld-linux-x86-64.so.2] ==> ignore
    arg [-o] ==> ignore
    arg [cmTryCompileExec357597436] ==> ignore
    arg [/lib/../lib64/crt1.o] ==> ignore
    arg [/lib/../lib64/crti.o] ==> ignore
    arg [/usr/tce/packages/gcc/gcc-4.9.3/lib64/gcc/x86_64-unknown-linux-gnu/4.9.3/crtbegin.o] ==> ignore
    arg [-L/usr/tce/packages/gcc/gcc-4.9.3/lib64/gcc/x86_64-unknown-linux-gnu/4.9.3] ==> dir [/usr/tce/packages/gcc/gcc-4.9.3/lib64/gcc/x86_64-unknown-linux-gnu/4.9.3]
    arg [-L/usr/tce/packages/gcc/gcc-4.9.3/lib64/gcc/x86_64-unknown-linux-gnu/4.9.3/../../../../lib64] ==> dir [/usr/tce/packages/gcc/gcc-4.9.3/lib64/gcc/x86_64-unknown-linux-gnu/4.9.3/../../../../lib64]
    arg [-L/lib/../lib64] ==> dir [/lib/../lib64]
    arg [-L/usr/lib/../lib64] ==> dir [/usr/lib/../lib64]
    arg [-L/g/g17/lenardo1/SoftwarePackages/boost_1_57_0-install/lib] ==> dir [/g/g17/lenardo1/SoftwarePackages/boost_1_57_0-install/lib]
    arg [-L/usr/tce/packages/gcc/gcc-4.9.3/lib64/gcc/x86_64-unknown-linux-gnu/4.9.3/../../..] ==> dir [/usr/tce/packages/gcc/gcc-4.9.3/lib64/gcc/x86_64-unknown-linux-gnu/4.9.3/../../..]
    arg [CMakeFiles/cmTryCompileExec357597436.dir/CMakeCCompilerABI.c.o] ==> ignore
    arg [-lgcc] ==> lib [gcc]
    arg [--as-needed] ==> ignore
    arg [-lgcc_s] ==> lib [gcc_s]
    arg [--no-as-needed] ==> ignore
    arg [-lc] ==> lib [c]
    arg [-lgcc] ==> lib [gcc]
    arg [--as-needed] ==> ignore
    arg [-lgcc_s] ==> lib [gcc_s]
    arg [--no-as-needed] ==> ignore
    arg [/usr/tce/packages/gcc/gcc-4.9.3/lib64/gcc/x86_64-unknown-linux-gnu/4.9.3/crtend.o] ==> ignore
    arg [/lib/../lib64/crtn.o] ==> ignore
  remove lib [gcc]
  remove lib [gcc_s]
  remove lib [gcc]
  remove lib [gcc_s]
  collapse library dir [/usr/tce/packages/gcc/gcc-4.9.3/lib64/gcc/x86_64-unknown-linux-gnu/4.9.3] ==> [/usr/tce/packages/gcc/gcc-4.9.3/lib64/gcc/x86_64-unknown-linux-gnu/4.9.3]
  collapse library dir [/usr/tce/packages/gcc/gcc-4.9.3/lib64/gcc/x86_64-unknown-linux-gnu/4.9.3/../../../../lib64] ==> [/usr/tce/packages/gcc/gcc-4.9.3/lib64]
  collapse library dir [/lib/../lib64] ==> [/lib64]
  collapse library dir [/usr/lib/../lib64] ==> [/usr/lib64]
  collapse library dir [/g/g17/lenardo1/SoftwarePackages/boost_1_57_0-install/lib] ==> [/g/g17/lenardo1/SoftwarePackages/boost_1_57_0-install/lib]
  collapse library dir [/usr/tce/packages/gcc/gcc-4.9.3/lib64/gcc/x86_64-unknown-linux-gnu/4.9.3/../../..] ==> [/usr/tce/packages/gcc/gcc-4.9.3/lib64]
  implicit libs: [c]
  implicit dirs: [/usr/tce/packages/gcc/gcc-4.9.3/lib64/gcc/x86_64-unknown-linux-gnu/4.9.3;/usr/tce/packages/gcc/gcc-4.9.3/lib64;/lib64;/usr/lib64;/g/g17/lenardo1/SoftwarePackages/boost_1_57_0-install/lib]
  implicit fwks: []


Determining if the CXX compiler works passed with the following output:
Change Dir: /g/g17/lenardo1/XeNeuAnalysis/Simulations/BACCARAT/CMakeFiles/CMakeTmp

Run Build Command:/usr/bin/gmake "cmTryCompileExec3766076344/fast"
/usr/bin/gmake -f CMakeFiles/cmTryCompileExec3766076344.dir/build.make CMakeFiles/cmTryCompileExec3766076344.dir/build
gmake[1]: Entering directory `/g/g17/lenardo1/XeNeuAnalysis/Simulations/BACCARAT/CMakeFiles/CMakeTmp'
/usr/bin/cmake -E cmake_progress_report /g/g17/lenardo1/XeNeuAnalysis/Simulations/BACCARAT/CMakeFiles/CMakeTmp/CMakeFiles 1
Building CXX object CMakeFiles/cmTryCompileExec3766076344.dir/testCXXCompiler.cxx.o
/usr/tce/bin/c++     -o CMakeFiles/cmTryCompileExec3766076344.dir/testCXXCompiler.cxx.o -c /g/g17/lenardo1/XeNeuAnalysis/Simulations/BACCARAT/CMakeFiles/CMakeTmp/testCXXCompiler.cxx
Linking CXX executable cmTryCompileExec3766076344
/usr/bin/cmake -E cmake_link_script CMakeFiles/cmTryCompileExec3766076344.dir/link.txt --verbose=1
/usr/tce/bin/c++        CMakeFiles/cmTryCompileExec3766076344.dir/testCXXCompiler.cxx.o  -o cmTryCompileExec3766076344 -rdynamic 
gmake[1]: Leaving directory `/g/g17/lenardo1/XeNeuAnalysis/Simulations/BACCARAT/CMakeFiles/CMakeTmp'


Detecting CXX compiler ABI info compiled with the following output:
Change Dir: /g/g17/lenardo1/XeNeuAnalysis/Simulations/BACCARAT/CMakeFiles/CMakeTmp

Run Build Command:/usr/bin/gmake "cmTryCompileExec243149786/fast"
/usr/bin/gmake -f CMakeFiles/cmTryCompileExec243149786.dir/build.make CMakeFiles/cmTryCompileExec243149786.dir/build
gmake[1]: Entering directory `/g/g17/lenardo1/XeNeuAnalysis/Simulations/BACCARAT/CMakeFiles/CMakeTmp'
/usr/bin/cmake -E cmake_progress_report /g/g17/lenardo1/XeNeuAnalysis/Simulations/BACCARAT/CMakeFiles/CMakeTmp/CMakeFiles 1
Building CXX object CMakeFiles/cmTryCompileExec243149786.dir/CMakeCXXCompilerABI.cpp.o
/usr/tce/bin/c++     -o CMakeFiles/cmTryCompileExec243149786.dir/CMakeCXXCompilerABI.cpp.o -c /usr/share/cmake/Modules/CMakeCXXCompilerABI.cpp
Linking CXX executable cmTryCompileExec243149786
/usr/bin/cmake -E cmake_link_script CMakeFiles/cmTryCompileExec243149786.dir/link.txt --verbose=1
/usr/tce/bin/c++      -v CMakeFiles/cmTryCompileExec243149786.dir/CMakeCXXCompilerABI.cpp.o  -o cmTryCompileExec243149786 -rdynamic  
Reading specs from /usr/tce/packages/gcc/gcc-4.9.3/lib64/gcc/x86_64-unknown-linux-gnu/4.9.3/specs
COLLECT_GCC=/usr/tce/packages/gcc/gcc-4.9.3/bin/c++
COLLECT_LTO_WRAPPER=/usr/tce/packages/gcc/gcc-4.9.3/libexec/gcc/x86_64-unknown-linux-gnu/4.9.3/lto-wrapper
Target: x86_64-unknown-linux-gnu
Configured with: /builddir/build/BUILD/gccspack/spack/var/spack/stage/gcc-4.9.3-34vmmvov5ct2riknhkfcmxieffb5pyex/gcc-4.9.3/configure --prefix=/usr/tce/packages/gcc/gcc-4.9.3 --libdir=/usr/tce/packages/gcc/gcc-4.9.3/lib64 --disable-multilib --enable-languages=c,java,c++,fortran,objc,go --with-mpc=/builddir/build/BUILD/gccspack/spack/opt/spack/linux-redhat7-x86_64/gcc-4.8.5/mpc-1.0.3-hj3ado6aurkkeiulr7fabqov7dh5nomf --with-mpfr=/builddir/build/BUILD/gccspack/spack/opt/spack/linux-redhat7-x86_64/gcc-4.8.5/mpfr-3.1.4-btpsymgkcfsazkot7mksiiaiqi56q3iz --with-gmp=/builddir/build/BUILD/gccspack/spack/opt/spack/linux-redhat7-x86_64/gcc-4.8.5/gmp-6.1.0-rdkrxbnzwlletmtlntg4vbxhc24zspva --enable-lto --with-quad
Thread model: posix
gcc version 4.9.3 (GCC) 
COMPILER_PATH=/usr/tce/packages/gcc/gcc-4.9.3/libexec/gcc/x86_64-unknown-linux-gnu/4.9.3/:/usr/tce/packages/gcc/gcc-4.9.3/libexec/gcc/x86_64-unknown-linux-gnu/4.9.3/:/usr/tce/packages/gcc/gcc-4.9.3/libexec/gcc/x86_64-unknown-linux-gnu/:/usr/tce/packages/gcc/gcc-4.9.3/lib64/gcc/x86_64-unknown-linux-gnu/4.9.3/:/usr/tce/packages/gcc/gcc-4.9.3/lib64/gcc/x86_64-unknown-linux-gnu/
LIBRARY_PATH=/usr/tce/packages/gcc/gcc-4.9.3/lib64/gcc/x86_64-unknown-linux-gnu/4.9.3/:/usr/tce/packages/gcc/gcc-4.9.3/lib64/gcc/x86_64-unknown-linux-gnu/4.9.3/../../../../lib64/:/lib/../lib64/:/usr/lib/../lib64/:/g/g17/lenardo1/SoftwarePackages/boost_1_57_0-install/lib/:/usr/tce/packages/gcc/gcc-4.9.3/lib64/gcc/x86_64-unknown-linux-gnu/4.9.3/../../../:/lib/:/usr/lib/
COLLECT_GCC_OPTIONS='-v' '-o' 'cmTryCompileExec243149786' '-rdynamic' '-shared-libgcc' '-mtune=generic' '-march=x86-64'
 /usr/tce/packages/gcc/gcc-4.9.3/libexec/gcc/x86_64-unknown-linux-gnu/4.9.3/collect2 -plugin /usr/tce/packages/gcc/gcc-4.9.3/libexec/gcc/x86_64-unknown-linux-gnu/4.9.3/liblto_plugin.so -plugin-opt=/usr/tce/packages/gcc/gcc-4.9.3/libexec/gcc/x86_64-unknown-linux-gnu/4.9.3/lto-wrapper -plugin-opt=-fresolution=/var/tmp/lenardo1/ccD5V8cN.res -plugin-opt=-pass-through=-lgcc_s -plugin-opt=-pass-through=-lgcc -plugin-opt=-pass-through=-lc -plugin-opt=-pass-through=-lgcc_s -plugin-opt=-pass-through=-lgcc -rpath /usr/tce/packages/gcc/gcc-4.9.3/lib:/usr/tce/packages/gcc/gcc-4.9.3/lib64 --eh-frame-hdr -m elf_x86_64 -export-dynamic -dynamic-linker /lib64/ld-linux-x86-64.so.2 -o cmTryCompileExec243149786 /lib/../lib64/crt1.o /lib/../lib64/crti.o /usr/tce/packages/gcc/gcc-4.9.3/lib64/gcc/x86_64-unknown-linux-gnu/4.9.3/crtbegin.o -L/usr/tce/packages/gcc/gcc-4.9.3/lib64/gcc/x86_64-unknown-linux-gnu/4.9.3 -L/usr/tce/packages/gcc/gcc-4.9.3/lib64/gcc/x86_64-unknown-linux-gnu/4.9.3/../../../../lib64 -L/lib/../lib64 -L/usr/lib/../lib64 -L/g/g17/lenardo1/SoftwarePackages/boost_1_57_0-install/lib -L/usr/tce/packages/gcc/gcc-4.9.3/lib64/gcc/x86_64-unknown-linux-gnu/4.9.3/../../.. CMakeFiles/cmTryCompileExec243149786.dir/CMakeCXXCompilerABI.cpp.o -lstdc++ -lm -lgcc_s -lgcc -lc -lgcc_s -lgcc /usr/tce/packages/gcc/gcc-4.9.3/lib64/gcc/x86_64-unknown-linux-gnu/4.9.3/crtend.o /lib/../lib64/crtn.o
gmake[1]: Leaving directory `/g/g17/lenardo1/XeNeuAnalysis/Simulations/BACCARAT/CMakeFiles/CMakeTmp'


Parsed CXX implicit link information from above output:
  link line regex: [^( *|.*[/\])(ld|([^/\]+-)?ld|collect2)[^/\]*( |$)]
  ignore line: [Change Dir: /g/g17/lenardo1/XeNeuAnalysis/Simulations/BACCARAT/CMakeFiles/CMakeTmp]
  ignore line: []
  ignore line: [Run Build Command:/usr/bin/gmake "cmTryCompileExec243149786/fast"]
  ignore line: [/usr/bin/gmake -f CMakeFiles/cmTryCompileExec243149786.dir/build.make CMakeFiles/cmTryCompileExec243149786.dir/build]
  ignore line: [gmake[1]: Entering directory `/g/g17/lenardo1/XeNeuAnalysis/Simulations/BACCARAT/CMakeFiles/CMakeTmp']
  ignore line: [/usr/bin/cmake -E cmake_progress_report /g/g17/lenardo1/XeNeuAnalysis/Simulations/BACCARAT/CMakeFiles/CMakeTmp/CMakeFiles 1]
  ignore line: [Building CXX object CMakeFiles/cmTryCompileExec243149786.dir/CMakeCXXCompilerABI.cpp.o]
  ignore line: [/usr/tce/bin/c++     -o CMakeFiles/cmTryCompileExec243149786.dir/CMakeCXXCompilerABI.cpp.o -c /usr/share/cmake/Modules/CMakeCXXCompilerABI.cpp]
  ignore line: [Linking CXX executable cmTryCompileExec243149786]
  ignore line: [/usr/bin/cmake -E cmake_link_script CMakeFiles/cmTryCompileExec243149786.dir/link.txt --verbose=1]
  ignore line: [/usr/tce/bin/c++      -v CMakeFiles/cmTryCompileExec243149786.dir/CMakeCXXCompilerABI.cpp.o  -o cmTryCompileExec243149786 -rdynamic  ]
  ignore line: [Reading specs from /usr/tce/packages/gcc/gcc-4.9.3/lib64/gcc/x86_64-unknown-linux-gnu/4.9.3/specs]
  ignore line: [COLLECT_GCC=/usr/tce/packages/gcc/gcc-4.9.3/bin/c++]
  ignore line: [COLLECT_LTO_WRAPPER=/usr/tce/packages/gcc/gcc-4.9.3/libexec/gcc/x86_64-unknown-linux-gnu/4.9.3/lto-wrapper]
  ignore line: [Target: x86_64-unknown-linux-gnu]
  ignore line: [Configured with: /builddir/build/BUILD/gccspack/spack/var/spack/stage/gcc-4.9.3-34vmmvov5ct2riknhkfcmxieffb5pyex/gcc-4.9.3/configure --prefix=/usr/tce/packages/gcc/gcc-4.9.3 --libdir=/usr/tce/packages/gcc/gcc-4.9.3/lib64 --disable-multilib --enable-languages=c,java,c++,fortran,objc,go --with-mpc=/builddir/build/BUILD/gccspack/spack/opt/spack/linux-redhat7-x86_64/gcc-4.8.5/mpc-1.0.3-hj3ado6aurkkeiulr7fabqov7dh5nomf --with-mpfr=/builddir/build/BUILD/gccspack/spack/opt/spack/linux-redhat7-x86_64/gcc-4.8.5/mpfr-3.1.4-btpsymgkcfsazkot7mksiiaiqi56q3iz --with-gmp=/builddir/build/BUILD/gccspack/spack/opt/spack/linux-redhat7-x86_64/gcc-4.8.5/gmp-6.1.0-rdkrxbnzwlletmtlntg4vbxhc24zspva --enable-lto --with-quad]
  ignore line: [Thread model: posix]
  ignore line: [gcc version 4.9.3 (GCC) ]
  ignore line: [COMPILER_PATH=/usr/tce/packages/gcc/gcc-4.9.3/libexec/gcc/x86_64-unknown-linux-gnu/4.9.3/:/usr/tce/packages/gcc/gcc-4.9.3/libexec/gcc/x86_64-unknown-linux-gnu/4.9.3/:/usr/tce/packages/gcc/gcc-4.9.3/libexec/gcc/x86_64-unknown-linux-gnu/:/usr/tce/packages/gcc/gcc-4.9.3/lib64/gcc/x86_64-unknown-linux-gnu/4.9.3/:/usr/tce/packages/gcc/gcc-4.9.3/lib64/gcc/x86_64-unknown-linux-gnu/]
  ignore line: [LIBRARY_PATH=/usr/tce/packages/gcc/gcc-4.9.3/lib64/gcc/x86_64-unknown-linux-gnu/4.9.3/:/usr/tce/packages/gcc/gcc-4.9.3/lib64/gcc/x86_64-unknown-linux-gnu/4.9.3/../../../../lib64/:/lib/../lib64/:/usr/lib/../lib64/:/g/g17/lenardo1/SoftwarePackages/boost_1_57_0-install/lib/:/usr/tce/packages/gcc/gcc-4.9.3/lib64/gcc/x86_64-unknown-linux-gnu/4.9.3/../../../:/lib/:/usr/lib/]
  ignore line: [COLLECT_GCC_OPTIONS='-v' '-o' 'cmTryCompileExec243149786' '-rdynamic' '-shared-libgcc' '-mtune=generic' '-march=x86-64']
  link line: [ /usr/tce/packages/gcc/gcc-4.9.3/libexec/gcc/x86_64-unknown-linux-gnu/4.9.3/collect2 -plugin /usr/tce/packages/gcc/gcc-4.9.3/libexec/gcc/x86_64-unknown-linux-gnu/4.9.3/liblto_plugin.so -plugin-opt=/usr/tce/packages/gcc/gcc-4.9.3/libexec/gcc/x86_64-unknown-linux-gnu/4.9.3/lto-wrapper -plugin-opt=-fresolution=/var/tmp/lenardo1/ccD5V8cN.res -plugin-opt=-pass-through=-lgcc_s -plugin-opt=-pass-through=-lgcc -plugin-opt=-pass-through=-lc -plugin-opt=-pass-through=-lgcc_s -plugin-opt=-pass-through=-lgcc -rpath /usr/tce/packages/gcc/gcc-4.9.3/lib:/usr/tce/packages/gcc/gcc-4.9.3/lib64 --eh-frame-hdr -m elf_x86_64 -export-dynamic -dynamic-linker /lib64/ld-linux-x86-64.so.2 -o cmTryCompileExec243149786 /lib/../lib64/crt1.o /lib/../lib64/crti.o /usr/tce/packages/gcc/gcc-4.9.3/lib64/gcc/x86_64-unknown-linux-gnu/4.9.3/crtbegin.o -L/usr/tce/packages/gcc/gcc-4.9.3/lib64/gcc/x86_64-unknown-linux-gnu/4.9.3 -L/usr/tce/packages/gcc/gcc-4.9.3/lib64/gcc/x86_64-unknown-linux-gnu/4.9.3/../../../../lib64 -L/lib/../lib64 -L/usr/lib/../lib64 -L/g/g17/lenardo1/SoftwarePackages/boost_1_57_0-install/lib -L/usr/tce/packages/gcc/gcc-4.9.3/lib64/gcc/x86_64-unknown-linux-gnu/4.9.3/../../.. CMakeFiles/cmTryCompileExec243149786.dir/CMakeCXXCompilerABI.cpp.o -lstdc++ -lm -lgcc_s -lgcc -lc -lgcc_s -lgcc /usr/tce/packages/gcc/gcc-4.9.3/lib64/gcc/x86_64-unknown-linux-gnu/4.9.3/crtend.o /lib/../lib64/crtn.o]
    arg [/usr/tce/packages/gcc/gcc-4.9.3/libexec/gcc/x86_64-unknown-linux-gnu/4.9.3/collect2] ==> ignore
    arg [-plugin] ==> ignore
    arg [/usr/tce/packages/gcc/gcc-4.9.3/libexec/gcc/x86_64-unknown-linux-gnu/4.9.3/liblto_plugin.so] ==> ignore
    arg [-plugin-opt=/usr/tce/packages/gcc/gcc-4.9.3/libexec/gcc/x86_64-unknown-linux-gnu/4.9.3/lto-wrapper] ==> ignore
    arg [-plugin-opt=-fresolution=/var/tmp/lenardo1/ccD5V8cN.res] ==> ignore
    arg [-plugin-opt=-pass-through=-lgcc_s] ==> ignore
    arg [-plugin-opt=-pass-through=-lgcc] ==> ignore
    arg [-plugin-opt=-pass-through=-lc] ==> ignore
    arg [-plugin-opt=-pass-through=-lgcc_s] ==> ignore
    arg [-plugin-opt=-pass-through=-lgcc] ==> ignore
    arg [-rpath] ==> ignore
    arg [/usr/tce/packages/gcc/gcc-4.9.3/lib:/usr/tce/packages/gcc/gcc-4.9.3/lib64] ==> ignore
    arg [--eh-frame-hdr] ==> ignore
    arg [-m] ==> ignore
    arg [elf_x86_64] ==> ignore
    arg [-export-dynamic] ==> ignore
    arg [-dynamic-linker] ==> ignore
    arg [/lib64/ld-linux-x86-64.so.2] ==> ignore
    arg [-o] ==> ignore
    arg [cmTryCompileExec243149786] ==> ignore
    arg [/lib/../lib64/crt1.o] ==> ignore
    arg [/lib/../lib64/crti.o] ==> ignore
    arg [/usr/tce/packages/gcc/gcc-4.9.3/lib64/gcc/x86_64-unknown-linux-gnu/4.9.3/crtbegin.o] ==> ignore
    arg [-L/usr/tce/packages/gcc/gcc-4.9.3/lib64/gcc/x86_64-unknown-linux-gnu/4.9.3] ==> dir [/usr/tce/packages/gcc/gcc-4.9.3/lib64/gcc/x86_64-unknown-linux-gnu/4.9.3]
    arg [-L/usr/tce/packages/gcc/gcc-4.9.3/lib64/gcc/x86_64-unknown-linux-gnu/4.9.3/../../../../lib64] ==> dir [/usr/tce/packages/gcc/gcc-4.9.3/lib64/gcc/x86_64-unknown-linux-gnu/4.9.3/../../../../lib64]
    arg [-L/lib/../lib64] ==> dir [/lib/../lib64]
    arg [-L/usr/lib/../lib64] ==> dir [/usr/lib/../lib64]
    arg [-L/g/g17/lenardo1/SoftwarePackages/boost_1_57_0-install/lib] ==> dir [/g/g17/lenardo1/SoftwarePackages/boost_1_57_0-install/lib]
    arg [-L/usr/tce/packages/gcc/gcc-4.9.3/lib64/gcc/x86_64-unknown-linux-gnu/4.9.3/../../..] ==> dir [/usr/tce/packages/gcc/gcc-4.9.3/lib64/gcc/x86_64-unknown-linux-gnu/4.9.3/../../..]
    arg [CMakeFiles/cmTryCompileExec243149786.dir/CMakeCXXCompilerABI.cpp.o] ==> ignore
    arg [-lstdc++] ==> lib [stdc++]
    arg [-lm] ==> lib [m]
    arg [-lgcc_s] ==> lib [gcc_s]
    arg [-lgcc] ==> lib [gcc]
    arg [-lc] ==> lib [c]
    arg [-lgcc_s] ==> lib [gcc_s]
    arg [-lgcc] ==> lib [gcc]
    arg [/usr/tce/packages/gcc/gcc-4.9.3/lib64/gcc/x86_64-unknown-linux-gnu/4.9.3/crtend.o] ==> ignore
    arg [/lib/../lib64/crtn.o] ==> ignore
  remove lib [gcc_s]
  remove lib [gcc]
  remove lib [gcc_s]
  remove lib [gcc]
  collapse library dir [/usr/tce/packages/gcc/gcc-4.9.3/lib64/gcc/x86_64-unknown-linux-gnu/4.9.3] ==> [/usr/tce/packages/gcc/gcc-4.9.3/lib64/gcc/x86_64-unknown-linux-gnu/4.9.3]
  collapse library dir [/usr/tce/packages/gcc/gcc-4.9.3/lib64/gcc/x86_64-unknown-linux-gnu/4.9.3/../../../../lib64] ==> [/usr/tce/packages/gcc/gcc-4.9.3/lib64]
  collapse library dir [/lib/../lib64] ==> [/lib64]
  collapse library dir [/usr/lib/../lib64] ==> [/usr/lib64]
  collapse library dir [/g/g17/lenardo1/SoftwarePackages/boost_1_57_0-install/lib] ==> [/g/g17/lenardo1/SoftwarePackages/boost_1_57_0-install/lib]
  collapse library dir [/usr/tce/packages/gcc/gcc-4.9.3/lib64/gcc/x86_64-unknown-linux-gnu/4.9.3/../../..] ==> [/usr/tce/packages/gcc/gcc-4.9.3/lib64]
  implicit libs: [stdc++;m;c]
  implicit dirs: [/usr/tce/packages/gcc/gcc-4.9.3/lib64/gcc/x86_64-unknown-linux-gnu/4.9.3;/usr/tce/packages/gcc/gcc-4.9.3/lib64;/lib64;/usr/lib64;/g/g17/lenardo1/SoftwarePackages/boost_1_57_0-install/lib]
  implicit fwks: []


